nohup: 忽略输入
['/data/pubfs/zhanglic/workspace/VHH4bAnalysisNtuples/TEST_1113UL//TT_AllHadronic/*.root', '/data/pubfs/zhanglic/workspace/VHH4bAnalysisNtuples/TEST_1113UL//TT_DiLep_NoPSWeights/*.root', '/data/pubfs/zhanglic/workspace/VHH4bAnalysisNtuples/TEST_1113UL//TT_SingleLep/*.root']
['/data/pubfs/zhanglic/workspace/VHH4bAnalysisNtuples/TEST_1113UL//ttbb_AllHadronic/*.root', '/data/pubfs/zhanglic/workspace/VHH4bAnalysisNtuples/TEST_1113UL//ttbb_DiLep/*.root', '/data/pubfs/zhanglic/workspace/VHH4bAnalysisNtuples/TEST_1113UL//ttbb_SingleLep/*.root']
['/data/pubfs/zhanglic/workspace/VHH4bAnalysisNtuples/TEST_1113UL//DYToLL_M10-50_Inc_madgraph/*.root', '/data/pubfs/zhanglic/workspace/VHH4bAnalysisNtuples/TEST_1113UL//DYToLL_M-50_Inc_madgraph/*.root', '/data/pubfs/zhanglic/workspace/VHH4bAnalysisNtuples/TEST_1113UL//DYToLL_M-50_HT70to100_madgraph/*.root', '/data/pubfs/zhanglic/workspace/VHH4bAnalysisNtuples/TEST_1113UL//DYToLL_M-50_HT100to200_madgraph/*.root', '/data/pubfs/zhanglic/workspace/VHH4bAnalysisNtuples/TEST_1113UL//DYToLL_M-50_HT200to400_madgraph/*.root', '/data/pubfs/zhanglic/workspace/VHH4bAnalysisNtuples/TEST_1113UL//DYToLL_M-50_HT400to600_madgraph/*.root', '/data/pubfs/zhanglic/workspace/VHH4bAnalysisNtuples/TEST_1113UL//DYToLL_M-50_HT600to800_madgraph/*.root', '/data/pubfs/zhanglic/workspace/VHH4bAnalysisNtuples/TEST_1113UL//DYToLL_M-50_HT800to1200_madgraph/*.root', '/data/pubfs/zhanglic/workspace/VHH4bAnalysisNtuples/TEST_1113UL//DYToLL_M-50_HT1200to2500_madgraph/*.root', '/data/pubfs/zhanglic/workspace/VHH4bAnalysisNtuples/TEST_1113UL//DYToLL_M-50_HT2500toInf_madgraph/*.root']
['/data/pubfs/zhanglic/workspace/VHH4bAnalysisNtuples/TEST_1113UL//ST_s-c_4f_lep/*.root', '/data/pubfs/zhanglic/workspace/VHH4bAnalysisNtuples/TEST_1113UL//ST_t-channel_eleDecays/*.root', '/data/pubfs/zhanglic/workspace/VHH4bAnalysisNtuples/TEST_1113UL//ST_t-channel_muDecays/*.root', '/data/pubfs/zhanglic/workspace/VHH4bAnalysisNtuples/TEST_1113UL//ST_t-channel_tauDecays/*.root', '/data/pubfs/zhanglic/workspace/VHH4bAnalysisNtuples/TEST_1113UL//ST_tW_antitop_5f_noFullHad/*.root', '/data/pubfs/zhanglic/workspace/VHH4bAnalysisNtuples/TEST_1113UL//ST_tW_top_5f_noFullHad/*.root', '/data/pubfs/zhanglic/workspace/VHH4bAnalysisNtuples/TEST_1113UL//ttHTobb_M125/*.root', '/data/pubfs/zhanglic/workspace/VHH4bAnalysisNtuples/TEST_1113UL//TTWLNuJets/*.root', '/data/pubfs/zhanglic/workspace/VHH4bAnalysisNtuples/TEST_1113UL//TTWQQJets/*.root', '/data/pubfs/zhanglic/workspace/VHH4bAnalysisNtuples/TEST_1113UL//TTZLLNuNuJets/*.root', '/data/pubfs/zhanglic/workspace/VHH4bAnalysisNtuples/TEST_1113UL//TTZQQJets/*.root']
['/data/pubfs/zhanglic/workspace/VHH4bAnalysisNtuples/TEST_1113UL//Run2018_DoubleMu_ReMiniAOD/*.root', '/data/pubfs/zhanglic/workspace/VHH4bAnalysisNtuples/TEST_1113UL//Run2018_EG_ReMiniAOD/*.root']
['/data/pubfs/zhanglic/workspace/VHH4bAnalysisNtuples/TEST_1113UL//ZHHTo4B_CV_0_5_C2V_1_0_C3_1_0/*.root', '/data/pubfs/zhanglic/workspace/VHH4bAnalysisNtuples/TEST_1113UL//ZHHTo4B_CV_1_0_C2V_0_0_C3_1_0/*.root', '/data/pubfs/zhanglic/workspace/VHH4bAnalysisNtuples/TEST_1113UL//ZHHTo4B_CV_1_0_C2V_1_0_C3_0_0/*.root', '/data/pubfs/zhanglic/workspace/VHH4bAnalysisNtuples/TEST_1113UL//ZHHTo4B_CV_1_0_C2V_1_0_C3_1_0/*.root', '/data/pubfs/zhanglic/workspace/VHH4bAnalysisNtuples/TEST_1113UL//ZHHTo4B_CV_1_0_C2V_1_0_C3_2_0/*.root', '/data/pubfs/zhanglic/workspace/VHH4bAnalysisNtuples/TEST_1113UL//ZHHTo4B_CV_1_0_C2V_2_0_C3_1_0/*.root', '/data/pubfs/zhanglic/workspace/VHH4bAnalysisNtuples/TEST_1113UL//ZHHTo4B_CV_1_5_C2V_1_0_C3_1_0/*.root', '/data/pubfs/zhanglic/workspace/VHH4bAnalysisNtuples/TEST_1113UL//ZHHTo4B_CV_1_0_C2V_1_0_C3_20_0/*.root']
ZHHTo4B_CV_1_0_C2V_1_0_C3_0_0_Zll_rHH_SR_two_btag_TT_CR :  Start Checking... 

Events number: ZHHTo4B_CV_1_0_C2V_1_0_C3_0_0_Zll_rHH_SR_two_btag_TT_CR : 7.612080067076477e-05

ZHHTo4B_CV_1_0_C2V_1_0_C3_0_0_Zll_rHH_SR_two_btag_TT_CR :  Done :) 

ZHHTo4B_CV_1_0_C2V_1_0_C3_0_0_Zll_rHH_SR_three_btag_TT_CR :  Start Checking... 

Events number: ZHHTo4B_CV_1_0_C2V_1_0_C3_0_0_Zll_rHH_SR_three_btag_TT_CR : 0.0001087927068681438

ZHHTo4B_CV_1_0_C2V_1_0_C3_0_0_Zll_rHH_SR_three_btag_TT_CR :  Done :) 

ZHHTo4B_CV_1_0_C2V_1_0_C3_0_0_Zll_rHH_SR_four_btag_TT_CR :  Start Checking... 

Events number: ZHHTo4B_CV_1_0_C2V_1_0_C3_0_0_Zll_rHH_SR_four_btag_TT_CR : 6.316048015264641e-05

ZHHTo4B_CV_1_0_C2V_1_0_C3_0_0_Zll_rHH_SR_four_btag_TT_CR :  Done :) 

ZHHTo4B_CV_1_0_C2V_1_0_C3_0_0_Zll_rHH_SR_two_btag_Z_mass :  Start Checking... 

Events number: ZHHTo4B_CV_1_0_C2V_1_0_C3_0_0_Zll_rHH_SR_two_btag_Z_mass : 0.0038678357165302657

ZHHTo4B_CV_1_0_C2V_1_0_C3_0_0_Zll_rHH_SR_two_btag_Z_mass :  Done :) 

ZHHTo4B_CV_1_0_C2V_1_0_C3_0_0_Zll_rHH_SR_three_btag_Z_mass :  Start Checking... 

Events number: ZHHTo4B_CV_1_0_C2V_1_0_C3_0_0_Zll_rHH_SR_three_btag_Z_mass : 0.005745922451197316

ZHHTo4B_CV_1_0_C2V_1_0_C3_0_0_Zll_rHH_SR_three_btag_Z_mass :  Done :) 

ZHHTo4B_CV_1_0_C2V_1_0_C3_0_0_Zll_rHH_SR_four_btag_Z_mass :  Start Checking... 

Events number: ZHHTo4B_CV_1_0_C2V_1_0_C3_0_0_Zll_rHH_SR_four_btag_Z_mass : 0.0036024150547397937

ZHHTo4B_CV_1_0_C2V_1_0_C3_0_0_Zll_rHH_SR_four_btag_Z_mass :  Done :) 

ZHHTo4B_CV_1_0_C2V_1_0_C3_0_0_Zll_rHH_CR_two_btag_TT_CR :  Start Checking... 

Events number: ZHHTo4B_CV_1_0_C2V_1_0_C3_0_0_Zll_rHH_CR_two_btag_TT_CR : 9.760887613197156e-05

ZHHTo4B_CV_1_0_C2V_1_0_C3_0_0_Zll_rHH_CR_two_btag_TT_CR :  Done :) 

ZHHTo4B_CV_1_0_C2V_1_0_C3_0_0_Zll_rHH_CR_three_btag_TT_CR :  Start Checking... 

Events number: ZHHTo4B_CV_1_0_C2V_1_0_C3_0_0_Zll_rHH_CR_three_btag_TT_CR : 8.022201210167168e-05

ZHHTo4B_CV_1_0_C2V_1_0_C3_0_0_Zll_rHH_CR_three_btag_TT_CR :  Done :) 

ZHHTo4B_CV_1_0_C2V_1_0_C3_0_0_Zll_rHH_CR_four_btag_TT_CR :  Start Checking... 

Events number: ZHHTo4B_CV_1_0_C2V_1_0_C3_0_0_Zll_rHH_CR_four_btag_TT_CR : 4.53059676601697e-05

ZHHTo4B_CV_1_0_C2V_1_0_C3_0_0_Zll_rHH_CR_four_btag_TT_CR :  Done :) 

ZHHTo4B_CV_1_0_C2V_1_0_C3_0_0_Zll_rHH_CR_two_btag_Z_mass :  Start Checking... 

Events number: ZHHTo4B_CV_1_0_C2V_1_0_C3_0_0_Zll_rHH_CR_two_btag_Z_mass : 0.0041199418905328855

ZHHTo4B_CV_1_0_C2V_1_0_C3_0_0_Zll_rHH_CR_two_btag_Z_mass :  Done :) 

ZHHTo4B_CV_1_0_C2V_1_0_C3_0_0_Zll_rHH_CR_three_btag_Z_mass :  Start Checking... 

Events number: ZHHTo4B_CV_1_0_C2V_1_0_C3_0_0_Zll_rHH_CR_three_btag_Z_mass : 0.005147274222228937

ZHHTo4B_CV_1_0_C2V_1_0_C3_0_0_Zll_rHH_CR_three_btag_Z_mass :  Done :) 

ZHHTo4B_CV_1_0_C2V_1_0_C3_0_0_Zll_rHH_CR_four_btag_Z_mass :  Start Checking... 

Events number: ZHHTo4B_CV_1_0_C2V_1_0_C3_0_0_Zll_rHH_CR_four_btag_Z_mass : 0.0024280200423447695

ZHHTo4B_CV_1_0_C2V_1_0_C3_0_0_Zll_rHH_CR_four_btag_Z_mass :  Done :) 

ZHHTo4B_CV_1_0_C2V_1_0_C3_0_0_Zll_rHH_SB_two_btag_TT_CR :  Start Checking... 

Events number: ZHHTo4B_CV_1_0_C2V_1_0_C3_0_0_Zll_rHH_SB_two_btag_TT_CR : 0.00017306607135481045

ZHHTo4B_CV_1_0_C2V_1_0_C3_0_0_Zll_rHH_SB_two_btag_TT_CR :  Done :) 

ZHHTo4B_CV_1_0_C2V_1_0_C3_0_0_Zll_rHH_SB_three_btag_TT_CR :  Start Checking... 

Events number: ZHHTo4B_CV_1_0_C2V_1_0_C3_0_0_Zll_rHH_SB_three_btag_TT_CR : 0.00014698201960072765

ZHHTo4B_CV_1_0_C2V_1_0_C3_0_0_Zll_rHH_SB_three_btag_TT_CR :  Done :) 

ZHHTo4B_CV_1_0_C2V_1_0_C3_0_0_Zll_rHH_SB_four_btag_TT_CR :  Start Checking... 

Events number: ZHHTo4B_CV_1_0_C2V_1_0_C3_0_0_Zll_rHH_SB_four_btag_TT_CR : 4.7399425682215224e-05

ZHHTo4B_CV_1_0_C2V_1_0_C3_0_0_Zll_rHH_SB_four_btag_TT_CR :  Done :) 

ZHHTo4B_CV_1_0_C2V_1_0_C3_0_0_Zll_rHH_SB_two_btag_Z_mass :  Start Checking... 

Events number: ZHHTo4B_CV_1_0_C2V_1_0_C3_0_0_Zll_rHH_SB_two_btag_Z_mass : 0.007236081189301302

ZHHTo4B_CV_1_0_C2V_1_0_C3_0_0_Zll_rHH_SB_two_btag_Z_mass :  Done :) 

ZHHTo4B_CV_1_0_C2V_1_0_C3_0_0_Zll_rHH_SB_three_btag_Z_mass :  Start Checking... 

Events number: ZHHTo4B_CV_1_0_C2V_1_0_C3_0_0_Zll_rHH_SB_three_btag_Z_mass : 0.006555691661642271

ZHHTo4B_CV_1_0_C2V_1_0_C3_0_0_Zll_rHH_SB_three_btag_Z_mass :  Done :) 

ZHHTo4B_CV_1_0_C2V_1_0_C3_0_0_Zll_rHH_SB_four_btag_Z_mass :  Start Checking... 

Events number: ZHHTo4B_CV_1_0_C2V_1_0_C3_0_0_Zll_rHH_SB_four_btag_Z_mass : 0.0018103023760929204

ZHHTo4B_CV_1_0_C2V_1_0_C3_0_0_Zll_rHH_SB_four_btag_Z_mass :  Done :) 

ZHHTo4B_CV_1_0_C2V_1_0_C3_2_0_Zll_rHH_SR_two_btag_TT_CR :  Start Checking... 

Events number: ZHHTo4B_CV_1_0_C2V_1_0_C3_2_0_Zll_rHH_SR_two_btag_TT_CR : 0.00020450468178978554

ZHHTo4B_CV_1_0_C2V_1_0_C3_2_0_Zll_rHH_SR_two_btag_TT_CR :  Done :) 

ZHHTo4B_CV_1_0_C2V_1_0_C3_2_0_Zll_rHH_SR_three_btag_TT_CR :  Start Checking... 

Events number: ZHHTo4B_CV_1_0_C2V_1_0_C3_2_0_Zll_rHH_SR_three_btag_TT_CR : 0.00026841594490178977

ZHHTo4B_CV_1_0_C2V_1_0_C3_2_0_Zll_rHH_SR_three_btag_TT_CR :  Done :) 

ZHHTo4B_CV_1_0_C2V_1_0_C3_2_0_Zll_rHH_SR_four_btag_TT_CR :  Start Checking... 

Events number: ZHHTo4B_CV_1_0_C2V_1_0_C3_2_0_Zll_rHH_SR_four_btag_TT_CR : 0.00015458362543085968

ZHHTo4B_CV_1_0_C2V_1_0_C3_2_0_Zll_rHH_SR_four_btag_TT_CR :  Done :) 

ZHHTo4B_CV_1_0_C2V_1_0_C3_2_0_Zll_rHH_SR_two_btag_Z_mass :  Start Checking... 

Events number: ZHHTo4B_CV_1_0_C2V_1_0_C3_2_0_Zll_rHH_SR_two_btag_Z_mass : 0.009961849499887876

ZHHTo4B_CV_1_0_C2V_1_0_C3_2_0_Zll_rHH_SR_two_btag_Z_mass :  Done :) 

ZHHTo4B_CV_1_0_C2V_1_0_C3_2_0_Zll_rHH_SR_three_btag_Z_mass :  Start Checking... 

Events number: ZHHTo4B_CV_1_0_C2V_1_0_C3_2_0_Zll_rHH_SR_three_btag_Z_mass : 0.014770358547750106

ZHHTo4B_CV_1_0_C2V_1_0_C3_2_0_Zll_rHH_SR_three_btag_Z_mass :  Done :) 

ZHHTo4B_CV_1_0_C2V_1_0_C3_2_0_Zll_rHH_SR_four_btag_Z_mass :  Start Checking... 

Events number: ZHHTo4B_CV_1_0_C2V_1_0_C3_2_0_Zll_rHH_SR_four_btag_Z_mass : 0.008963626801119062

ZHHTo4B_CV_1_0_C2V_1_0_C3_2_0_Zll_rHH_SR_four_btag_Z_mass :  Done :) 

ZHHTo4B_CV_1_0_C2V_1_0_C3_2_0_Zll_rHH_CR_two_btag_TT_CR :  Start Checking... 

Events number: ZHHTo4B_CV_1_0_C2V_1_0_C3_2_0_Zll_rHH_CR_two_btag_TT_CR : 0.00023869948824994935

ZHHTo4B_CV_1_0_C2V_1_0_C3_2_0_Zll_rHH_CR_two_btag_TT_CR :  Done :) 

ZHHTo4B_CV_1_0_C2V_1_0_C3_2_0_Zll_rHH_CR_three_btag_TT_CR :  Start Checking... 

Events number: ZHHTo4B_CV_1_0_C2V_1_0_C3_2_0_Zll_rHH_CR_three_btag_TT_CR : 0.00034029755124720396

ZHHTo4B_CV_1_0_C2V_1_0_C3_2_0_Zll_rHH_CR_three_btag_TT_CR :  Done :) 

ZHHTo4B_CV_1_0_C2V_1_0_C3_2_0_Zll_rHH_CR_four_btag_TT_CR :  Start Checking... 

Events number: ZHHTo4B_CV_1_0_C2V_1_0_C3_2_0_Zll_rHH_CR_four_btag_TT_CR : 8.650209508687112e-05

ZHHTo4B_CV_1_0_C2V_1_0_C3_2_0_Zll_rHH_CR_four_btag_TT_CR :  Done :) 

ZHHTo4B_CV_1_0_C2V_1_0_C3_2_0_Zll_rHH_CR_two_btag_Z_mass :  Start Checking... 

Events number: ZHHTo4B_CV_1_0_C2V_1_0_C3_2_0_Zll_rHH_CR_two_btag_Z_mass : 0.012779570524230621

ZHHTo4B_CV_1_0_C2V_1_0_C3_2_0_Zll_rHH_CR_two_btag_Z_mass :  Done :) 

ZHHTo4B_CV_1_0_C2V_1_0_C3_2_0_Zll_rHH_CR_three_btag_Z_mass :  Start Checking... 

Events number: ZHHTo4B_CV_1_0_C2V_1_0_C3_2_0_Zll_rHH_CR_three_btag_Z_mass : 0.015305863153855626

ZHHTo4B_CV_1_0_C2V_1_0_C3_2_0_Zll_rHH_CR_three_btag_Z_mass :  Done :) 

ZHHTo4B_CV_1_0_C2V_1_0_C3_2_0_Zll_rHH_CR_four_btag_Z_mass :  Start Checking... 

Events number: ZHHTo4B_CV_1_0_C2V_1_0_C3_2_0_Zll_rHH_CR_four_btag_Z_mass : 0.006267181753273121

ZHHTo4B_CV_1_0_C2V_1_0_C3_2_0_Zll_rHH_CR_four_btag_Z_mass :  Done :) 

ZHHTo4B_CV_1_0_C2V_1_0_C3_2_0_Zll_rHH_SB_two_btag_TT_CR :  Start Checking... 

Events number: ZHHTo4B_CV_1_0_C2V_1_0_C3_2_0_Zll_rHH_SB_two_btag_TT_CR : 0.0005105093307520292

ZHHTo4B_CV_1_0_C2V_1_0_C3_2_0_Zll_rHH_SB_two_btag_TT_CR :  Done :) 

ZHHTo4B_CV_1_0_C2V_1_0_C3_2_0_Zll_rHH_SB_three_btag_TT_CR :  Start Checking... 

Events number: ZHHTo4B_CV_1_0_C2V_1_0_C3_2_0_Zll_rHH_SB_three_btag_TT_CR : 0.00047196120016224086

ZHHTo4B_CV_1_0_C2V_1_0_C3_2_0_Zll_rHH_SB_three_btag_TT_CR :  Done :) 

ZHHTo4B_CV_1_0_C2V_1_0_C3_2_0_Zll_rHH_SB_four_btag_TT_CR :  Start Checking... 

Events number: ZHHTo4B_CV_1_0_C2V_1_0_C3_2_0_Zll_rHH_SB_four_btag_TT_CR : 0.00011952405986903614

ZHHTo4B_CV_1_0_C2V_1_0_C3_2_0_Zll_rHH_SB_four_btag_TT_CR :  Done :) 

ZHHTo4B_CV_1_0_C2V_1_0_C3_2_0_Zll_rHH_SB_two_btag_Z_mass :  Start Checking... 

Events number: ZHHTo4B_CV_1_0_C2V_1_0_C3_2_0_Zll_rHH_SB_two_btag_Z_mass : 0.02079111355899954

ZHHTo4B_CV_1_0_C2V_1_0_C3_2_0_Zll_rHH_SB_two_btag_Z_mass :  Done :) 

ZHHTo4B_CV_1_0_C2V_1_0_C3_2_0_Zll_rHH_SB_three_btag_Z_mass :  Start Checking... 

Events number: ZHHTo4B_CV_1_0_C2V_1_0_C3_2_0_Zll_rHH_SB_three_btag_Z_mass : 0.018489791084206786

ZHHTo4B_CV_1_0_C2V_1_0_C3_2_0_Zll_rHH_SB_three_btag_Z_mass :  Done :) 

ZHHTo4B_CV_1_0_C2V_1_0_C3_2_0_Zll_rHH_SB_four_btag_Z_mass :  Start Checking... 

Events number: ZHHTo4B_CV_1_0_C2V_1_0_C3_2_0_Zll_rHH_SB_four_btag_Z_mass : 0.005180821309775041

ZHHTo4B_CV_1_0_C2V_1_0_C3_2_0_Zll_rHH_SB_four_btag_Z_mass :  Done :) 

ZHHTo4B_CV_1_5_C2V_1_0_C3_1_0_Zll_rHH_SR_two_btag_TT_CR :  Start Checking... 

Events number: ZHHTo4B_CV_1_5_C2V_1_0_C3_1_0_Zll_rHH_SR_two_btag_TT_CR : 0.00029108350463502575

ZHHTo4B_CV_1_5_C2V_1_0_C3_1_0_Zll_rHH_SR_two_btag_TT_CR :  Done :) 

ZHHTo4B_CV_1_5_C2V_1_0_C3_1_0_Zll_rHH_SR_three_btag_TT_CR :  Start Checking... 

Events number: ZHHTo4B_CV_1_5_C2V_1_0_C3_1_0_Zll_rHH_SR_three_btag_TT_CR : 0.0004241419133563795

ZHHTo4B_CV_1_5_C2V_1_0_C3_1_0_Zll_rHH_SR_three_btag_TT_CR :  Done :) 

ZHHTo4B_CV_1_5_C2V_1_0_C3_1_0_Zll_rHH_SR_four_btag_TT_CR :  Start Checking... 

Events number: ZHHTo4B_CV_1_5_C2V_1_0_C3_1_0_Zll_rHH_SR_four_btag_TT_CR : 0.00018205955893790815

ZHHTo4B_CV_1_5_C2V_1_0_C3_1_0_Zll_rHH_SR_four_btag_TT_CR :  Done :) 

ZHHTo4B_CV_1_5_C2V_1_0_C3_1_0_Zll_rHH_SR_two_btag_Z_mass :  Start Checking... 

Events number: ZHHTo4B_CV_1_5_C2V_1_0_C3_1_0_Zll_rHH_SR_two_btag_Z_mass : 0.01354282591407241

ZHHTo4B_CV_1_5_C2V_1_0_C3_1_0_Zll_rHH_SR_two_btag_Z_mass :  Done :) 

ZHHTo4B_CV_1_5_C2V_1_0_C3_1_0_Zll_rHH_SR_three_btag_Z_mass :  Start Checking... 

Events number: ZHHTo4B_CV_1_5_C2V_1_0_C3_1_0_Zll_rHH_SR_three_btag_Z_mass : 0.020734041482718624

ZHHTo4B_CV_1_5_C2V_1_0_C3_1_0_Zll_rHH_SR_three_btag_Z_mass :  Done :) 

ZHHTo4B_CV_1_5_C2V_1_0_C3_1_0_Zll_rHH_SR_four_btag_Z_mass :  Start Checking... 

Events number: ZHHTo4B_CV_1_5_C2V_1_0_C3_1_0_Zll_rHH_SR_four_btag_Z_mass : 0.012941391876950092

ZHHTo4B_CV_1_5_C2V_1_0_C3_1_0_Zll_rHH_SR_four_btag_Z_mass :  Done :) 

ZHHTo4B_CV_1_5_C2V_1_0_C3_1_0_Zll_rHH_CR_two_btag_TT_CR :  Start Checking... 

Events number: ZHHTo4B_CV_1_5_C2V_1_0_C3_1_0_Zll_rHH_CR_two_btag_TT_CR : 0.0003864883135236141

ZHHTo4B_CV_1_5_C2V_1_0_C3_1_0_Zll_rHH_CR_two_btag_TT_CR :  Done :) 

ZHHTo4B_CV_1_5_C2V_1_0_C3_1_0_Zll_rHH_CR_three_btag_TT_CR :  Start Checking... 

Events number: ZHHTo4B_CV_1_5_C2V_1_0_C3_1_0_Zll_rHH_CR_three_btag_TT_CR : 0.0003428760591077662

ZHHTo4B_CV_1_5_C2V_1_0_C3_1_0_Zll_rHH_CR_three_btag_TT_CR :  Done :) 

ZHHTo4B_CV_1_5_C2V_1_0_C3_1_0_Zll_rHH_CR_four_btag_TT_CR :  Start Checking... 

Events number: ZHHTo4B_CV_1_5_C2V_1_0_C3_1_0_Zll_rHH_CR_four_btag_TT_CR : 0.0001825352069317887

ZHHTo4B_CV_1_5_C2V_1_0_C3_1_0_Zll_rHH_CR_four_btag_TT_CR :  Done :) 

ZHHTo4B_CV_1_5_C2V_1_0_C3_1_0_Zll_rHH_CR_two_btag_Z_mass :  Start Checking... 

Events number: ZHHTo4B_CV_1_5_C2V_1_0_C3_1_0_Zll_rHH_CR_two_btag_Z_mass : 0.015607216291542159

ZHHTo4B_CV_1_5_C2V_1_0_C3_1_0_Zll_rHH_CR_two_btag_Z_mass :  Done :) 

ZHHTo4B_CV_1_5_C2V_1_0_C3_1_0_Zll_rHH_CR_three_btag_Z_mass :  Start Checking... 

Events number: ZHHTo4B_CV_1_5_C2V_1_0_C3_1_0_Zll_rHH_CR_three_btag_Z_mass : 0.019057079726479742

ZHHTo4B_CV_1_5_C2V_1_0_C3_1_0_Zll_rHH_CR_three_btag_Z_mass :  Done :) 

ZHHTo4B_CV_1_5_C2V_1_0_C3_1_0_Zll_rHH_CR_four_btag_Z_mass :  Start Checking... 

Events number: ZHHTo4B_CV_1_5_C2V_1_0_C3_1_0_Zll_rHH_CR_four_btag_Z_mass : 0.008232709536400762

ZHHTo4B_CV_1_5_C2V_1_0_C3_1_0_Zll_rHH_CR_four_btag_Z_mass :  Done :) 

ZHHTo4B_CV_1_5_C2V_1_0_C3_1_0_Zll_rHH_SB_two_btag_TT_CR :  Start Checking... 

Events number: ZHHTo4B_CV_1_5_C2V_1_0_C3_1_0_Zll_rHH_SB_two_btag_TT_CR : 0.0006813686181885714

ZHHTo4B_CV_1_5_C2V_1_0_C3_1_0_Zll_rHH_SB_two_btag_TT_CR :  Done :) 

ZHHTo4B_CV_1_5_C2V_1_0_C3_1_0_Zll_rHH_SB_three_btag_TT_CR :  Start Checking... 

Events number: ZHHTo4B_CV_1_5_C2V_1_0_C3_1_0_Zll_rHH_SB_three_btag_TT_CR : 0.0005795720352068656

ZHHTo4B_CV_1_5_C2V_1_0_C3_1_0_Zll_rHH_SB_three_btag_TT_CR :  Done :) 

ZHHTo4B_CV_1_5_C2V_1_0_C3_1_0_Zll_rHH_SB_four_btag_TT_CR :  Start Checking... 

Events number: ZHHTo4B_CV_1_5_C2V_1_0_C3_1_0_Zll_rHH_SB_four_btag_TT_CR : 9.682032339242141e-05

ZHHTo4B_CV_1_5_C2V_1_0_C3_1_0_Zll_rHH_SB_four_btag_TT_CR :  Done :) 

ZHHTo4B_CV_1_5_C2V_1_0_C3_1_0_Zll_rHH_SB_two_btag_Z_mass :  Start Checking... 

Events number: ZHHTo4B_CV_1_5_C2V_1_0_C3_1_0_Zll_rHH_SB_two_btag_Z_mass : 0.02734835634976207

ZHHTo4B_CV_1_5_C2V_1_0_C3_1_0_Zll_rHH_SB_two_btag_Z_mass :  Done :) 

ZHHTo4B_CV_1_5_C2V_1_0_C3_1_0_Zll_rHH_SB_three_btag_Z_mass :  Start Checking... 

Events number: ZHHTo4B_CV_1_5_C2V_1_0_C3_1_0_Zll_rHH_SB_three_btag_Z_mass : 0.02406145061560494

ZHHTo4B_CV_1_5_C2V_1_0_C3_1_0_Zll_rHH_SB_three_btag_Z_mass :  Done :) 

ZHHTo4B_CV_1_5_C2V_1_0_C3_1_0_Zll_rHH_SB_four_btag_Z_mass :  Start Checking... 

Events number: ZHHTo4B_CV_1_5_C2V_1_0_C3_1_0_Zll_rHH_SB_four_btag_Z_mass : 0.006632395038593586

ZHHTo4B_CV_1_5_C2V_1_0_C3_1_0_Zll_rHH_SB_four_btag_Z_mass :  Done :) 

ZHHTo4B_CV_1_0_C2V_0_0_C3_1_0_Zll_rHH_SR_two_btag_TT_CR :  Start Checking... 

Events number: ZHHTo4B_CV_1_0_C2V_0_0_C3_1_0_Zll_rHH_SR_two_btag_TT_CR : 4.8415322332573396e-05

ZHHTo4B_CV_1_0_C2V_0_0_C3_1_0_Zll_rHH_SR_two_btag_TT_CR :  Done :) 

ZHHTo4B_CV_1_0_C2V_0_0_C3_1_0_Zll_rHH_SR_three_btag_TT_CR :  Start Checking... 

Events number: ZHHTo4B_CV_1_0_C2V_0_0_C3_1_0_Zll_rHH_SR_three_btag_TT_CR : 5.986411630942712e-05

ZHHTo4B_CV_1_0_C2V_0_0_C3_1_0_Zll_rHH_SR_three_btag_TT_CR :  Done :) 

ZHHTo4B_CV_1_0_C2V_0_0_C3_1_0_Zll_rHH_SR_four_btag_TT_CR :  Start Checking... 

Events number: ZHHTo4B_CV_1_0_C2V_0_0_C3_1_0_Zll_rHH_SR_four_btag_TT_CR : 4.211506876572457e-05

ZHHTo4B_CV_1_0_C2V_0_0_C3_1_0_Zll_rHH_SR_four_btag_TT_CR :  Done :) 

ZHHTo4B_CV_1_0_C2V_0_0_C3_1_0_Zll_rHH_SR_two_btag_Z_mass :  Start Checking... 

Events number: ZHHTo4B_CV_1_0_C2V_0_0_C3_1_0_Zll_rHH_SR_two_btag_Z_mass : 0.002463008038855463

ZHHTo4B_CV_1_0_C2V_0_0_C3_1_0_Zll_rHH_SR_two_btag_Z_mass :  Done :) 

ZHHTo4B_CV_1_0_C2V_0_0_C3_1_0_Zll_rHH_SR_three_btag_Z_mass :  Start Checking... 

Events number: ZHHTo4B_CV_1_0_C2V_0_0_C3_1_0_Zll_rHH_SR_three_btag_Z_mass : 0.0036646174588419456

ZHHTo4B_CV_1_0_C2V_0_0_C3_1_0_Zll_rHH_SR_three_btag_Z_mass :  Done :) 

ZHHTo4B_CV_1_0_C2V_0_0_C3_1_0_Zll_rHH_SR_four_btag_Z_mass :  Start Checking... 

Events number: ZHHTo4B_CV_1_0_C2V_0_0_C3_1_0_Zll_rHH_SR_four_btag_Z_mass : 0.0023146959324549243

ZHHTo4B_CV_1_0_C2V_0_0_C3_1_0_Zll_rHH_SR_four_btag_Z_mass :  Done :) 

ZHHTo4B_CV_1_0_C2V_0_0_C3_1_0_Zll_rHH_CR_two_btag_TT_CR :  Start Checking... 

Events number: ZHHTo4B_CV_1_0_C2V_0_0_C3_1_0_Zll_rHH_CR_two_btag_TT_CR : 4.99543669434388e-05

ZHHTo4B_CV_1_0_C2V_0_0_C3_1_0_Zll_rHH_CR_two_btag_TT_CR :  Done :) 

ZHHTo4B_CV_1_0_C2V_0_0_C3_1_0_Zll_rHH_CR_three_btag_TT_CR :  Start Checking... 

Events number: ZHHTo4B_CV_1_0_C2V_0_0_C3_1_0_Zll_rHH_CR_three_btag_TT_CR : 5.963413323684108e-05

ZHHTo4B_CV_1_0_C2V_0_0_C3_1_0_Zll_rHH_CR_three_btag_TT_CR :  Done :) 

ZHHTo4B_CV_1_0_C2V_0_0_C3_1_0_Zll_rHH_CR_four_btag_TT_CR :  Start Checking... 

Events number: ZHHTo4B_CV_1_0_C2V_0_0_C3_1_0_Zll_rHH_CR_four_btag_TT_CR : 3.1909806594399015e-05

ZHHTo4B_CV_1_0_C2V_0_0_C3_1_0_Zll_rHH_CR_four_btag_TT_CR :  Done :) 

ZHHTo4B_CV_1_0_C2V_0_0_C3_1_0_Zll_rHH_CR_two_btag_Z_mass :  Start Checking... 

Events number: ZHHTo4B_CV_1_0_C2V_0_0_C3_1_0_Zll_rHH_CR_two_btag_Z_mass : 0.0025637581952189237

ZHHTo4B_CV_1_0_C2V_0_0_C3_1_0_Zll_rHH_CR_two_btag_Z_mass :  Done :) 

ZHHTo4B_CV_1_0_C2V_0_0_C3_1_0_Zll_rHH_CR_three_btag_Z_mass :  Start Checking... 

Events number: ZHHTo4B_CV_1_0_C2V_0_0_C3_1_0_Zll_rHH_CR_three_btag_Z_mass : 0.0030995700665421566

ZHHTo4B_CV_1_0_C2V_0_0_C3_1_0_Zll_rHH_CR_three_btag_Z_mass :  Done :) 

ZHHTo4B_CV_1_0_C2V_0_0_C3_1_0_Zll_rHH_CR_four_btag_Z_mass :  Start Checking... 

Events number: ZHHTo4B_CV_1_0_C2V_0_0_C3_1_0_Zll_rHH_CR_four_btag_Z_mass : 0.0014330825579600415

ZHHTo4B_CV_1_0_C2V_0_0_C3_1_0_Zll_rHH_CR_four_btag_Z_mass :  Done :) 

ZHHTo4B_CV_1_0_C2V_0_0_C3_1_0_Zll_rHH_SB_two_btag_TT_CR :  Start Checking... 

Events number: ZHHTo4B_CV_1_0_C2V_0_0_C3_1_0_Zll_rHH_SB_two_btag_TT_CR : 0.0001313515868162085

ZHHTo4B_CV_1_0_C2V_0_0_C3_1_0_Zll_rHH_SB_two_btag_TT_CR :  Done :) 

ZHHTo4B_CV_1_0_C2V_0_0_C3_1_0_Zll_rHH_SB_three_btag_TT_CR :  Start Checking... 

Events number: ZHHTo4B_CV_1_0_C2V_0_0_C3_1_0_Zll_rHH_SB_three_btag_TT_CR : 0.00011514959465586116

ZHHTo4B_CV_1_0_C2V_0_0_C3_1_0_Zll_rHH_SB_three_btag_TT_CR :  Done :) 

ZHHTo4B_CV_1_0_C2V_0_0_C3_1_0_Zll_rHH_SB_four_btag_TT_CR :  Start Checking... 

Events number: ZHHTo4B_CV_1_0_C2V_0_0_C3_1_0_Zll_rHH_SB_four_btag_TT_CR : 2.311685617684134e-05

ZHHTo4B_CV_1_0_C2V_0_0_C3_1_0_Zll_rHH_SB_four_btag_TT_CR :  Done :) 

ZHHTo4B_CV_1_0_C2V_0_0_C3_1_0_Zll_rHH_SB_two_btag_Z_mass :  Start Checking... 

Events number: ZHHTo4B_CV_1_0_C2V_0_0_C3_1_0_Zll_rHH_SB_two_btag_Z_mass : 0.004912413775087998

ZHHTo4B_CV_1_0_C2V_0_0_C3_1_0_Zll_rHH_SB_two_btag_Z_mass :  Done :) 

ZHHTo4B_CV_1_0_C2V_0_0_C3_1_0_Zll_rHH_SB_three_btag_Z_mass :  Start Checking... 

Events number: ZHHTo4B_CV_1_0_C2V_0_0_C3_1_0_Zll_rHH_SB_three_btag_Z_mass : 0.004304538072304354

ZHHTo4B_CV_1_0_C2V_0_0_C3_1_0_Zll_rHH_SB_three_btag_Z_mass :  Done :) 

ZHHTo4B_CV_1_0_C2V_0_0_C3_1_0_Zll_rHH_SB_four_btag_Z_mass :  Start Checking... 

Events number: ZHHTo4B_CV_1_0_C2V_0_0_C3_1_0_Zll_rHH_SB_four_btag_Z_mass : 0.0011889630093815384

ZHHTo4B_CV_1_0_C2V_0_0_C3_1_0_Zll_rHH_SB_four_btag_Z_mass :  Done :) 

ZHHTo4B_CV_1_0_C2V_1_0_C3_1_0_Zll_rHH_SR_two_btag_TT_CR :  Start Checking... 

Events number: ZHHTo4B_CV_1_0_C2V_1_0_C3_1_0_Zll_rHH_SR_two_btag_TT_CR : 0.00014968372011026077

ZHHTo4B_CV_1_0_C2V_1_0_C3_1_0_Zll_rHH_SR_two_btag_TT_CR :  Done :) 

ZHHTo4B_CV_1_0_C2V_1_0_C3_1_0_Zll_rHH_SR_three_btag_TT_CR :  Start Checking... 

Events number: ZHHTo4B_CV_1_0_C2V_1_0_C3_1_0_Zll_rHH_SR_three_btag_TT_CR : 0.0001482305069373524

ZHHTo4B_CV_1_0_C2V_1_0_C3_1_0_Zll_rHH_SR_three_btag_TT_CR :  Done :) 

ZHHTo4B_CV_1_0_C2V_1_0_C3_1_0_Zll_rHH_SR_four_btag_TT_CR :  Start Checking... 

Events number: ZHHTo4B_CV_1_0_C2V_1_0_C3_1_0_Zll_rHH_SR_four_btag_TT_CR : 9.280521214805049e-05

ZHHTo4B_CV_1_0_C2V_1_0_C3_1_0_Zll_rHH_SR_four_btag_TT_CR :  Done :) 

ZHHTo4B_CV_1_0_C2V_1_0_C3_1_0_Zll_rHH_SR_two_btag_Z_mass :  Start Checking... 

Events number: ZHHTo4B_CV_1_0_C2V_1_0_C3_1_0_Zll_rHH_SR_two_btag_Z_mass : 0.00619695173566015

ZHHTo4B_CV_1_0_C2V_1_0_C3_1_0_Zll_rHH_SR_two_btag_Z_mass :  Done :) 

ZHHTo4B_CV_1_0_C2V_1_0_C3_1_0_Zll_rHH_SR_three_btag_Z_mass :  Start Checking... 

Events number: ZHHTo4B_CV_1_0_C2V_1_0_C3_1_0_Zll_rHH_SR_three_btag_Z_mass : 0.009564738833120146

ZHHTo4B_CV_1_0_C2V_1_0_C3_1_0_Zll_rHH_SR_three_btag_Z_mass :  Done :) 

ZHHTo4B_CV_1_0_C2V_1_0_C3_1_0_Zll_rHH_SR_four_btag_Z_mass :  Start Checking... 

Events number: ZHHTo4B_CV_1_0_C2V_1_0_C3_1_0_Zll_rHH_SR_four_btag_Z_mass : 0.0055651810924644

ZHHTo4B_CV_1_0_C2V_1_0_C3_1_0_Zll_rHH_SR_four_btag_Z_mass :  Done :) 

ZHHTo4B_CV_1_0_C2V_1_0_C3_1_0_Zll_rHH_CR_two_btag_TT_CR :  Start Checking... 

Events number: ZHHTo4B_CV_1_0_C2V_1_0_C3_1_0_Zll_rHH_CR_two_btag_TT_CR : 0.00017996729715719084

ZHHTo4B_CV_1_0_C2V_1_0_C3_1_0_Zll_rHH_CR_two_btag_TT_CR :  Done :) 

ZHHTo4B_CV_1_0_C2V_1_0_C3_1_0_Zll_rHH_CR_three_btag_TT_CR :  Start Checking... 

Events number: ZHHTo4B_CV_1_0_C2V_1_0_C3_1_0_Zll_rHH_CR_three_btag_TT_CR : 0.00016596390867107402

ZHHTo4B_CV_1_0_C2V_1_0_C3_1_0_Zll_rHH_CR_three_btag_TT_CR :  Done :) 

ZHHTo4B_CV_1_0_C2V_1_0_C3_1_0_Zll_rHH_CR_four_btag_TT_CR :  Start Checking... 

Events number: ZHHTo4B_CV_1_0_C2V_1_0_C3_1_0_Zll_rHH_CR_four_btag_TT_CR : 7.144887342747097e-05

ZHHTo4B_CV_1_0_C2V_1_0_C3_1_0_Zll_rHH_CR_four_btag_TT_CR :  Done :) 

ZHHTo4B_CV_1_0_C2V_1_0_C3_1_0_Zll_rHH_CR_two_btag_Z_mass :  Start Checking... 

Events number: ZHHTo4B_CV_1_0_C2V_1_0_C3_1_0_Zll_rHH_CR_two_btag_Z_mass : 0.007939980591871176

ZHHTo4B_CV_1_0_C2V_1_0_C3_1_0_Zll_rHH_CR_two_btag_Z_mass :  Done :) 

ZHHTo4B_CV_1_0_C2V_1_0_C3_1_0_Zll_rHH_CR_three_btag_Z_mass :  Start Checking... 

Events number: ZHHTo4B_CV_1_0_C2V_1_0_C3_1_0_Zll_rHH_CR_three_btag_Z_mass : 0.009037577564242838

ZHHTo4B_CV_1_0_C2V_1_0_C3_1_0_Zll_rHH_CR_three_btag_Z_mass :  Done :) 

ZHHTo4B_CV_1_0_C2V_1_0_C3_1_0_Zll_rHH_CR_four_btag_Z_mass :  Start Checking... 

Events number: ZHHTo4B_CV_1_0_C2V_1_0_C3_1_0_Zll_rHH_CR_four_btag_Z_mass : 0.003856291768542519

ZHHTo4B_CV_1_0_C2V_1_0_C3_1_0_Zll_rHH_CR_four_btag_Z_mass :  Done :) 

ZHHTo4B_CV_1_0_C2V_1_0_C3_1_0_Zll_rHH_SB_two_btag_TT_CR :  Start Checking... 

Events number: ZHHTo4B_CV_1_0_C2V_1_0_C3_1_0_Zll_rHH_SB_two_btag_TT_CR : 0.0003324638699382376

ZHHTo4B_CV_1_0_C2V_1_0_C3_1_0_Zll_rHH_SB_two_btag_TT_CR :  Done :) 

ZHHTo4B_CV_1_0_C2V_1_0_C3_1_0_Zll_rHH_SB_three_btag_TT_CR :  Start Checking... 

Events number: ZHHTo4B_CV_1_0_C2V_1_0_C3_1_0_Zll_rHH_SB_three_btag_TT_CR : 0.0002811867629191056

ZHHTo4B_CV_1_0_C2V_1_0_C3_1_0_Zll_rHH_SB_three_btag_TT_CR :  Done :) 

ZHHTo4B_CV_1_0_C2V_1_0_C3_1_0_Zll_rHH_SB_four_btag_TT_CR :  Start Checking... 

Events number: ZHHTo4B_CV_1_0_C2V_1_0_C3_1_0_Zll_rHH_SB_four_btag_TT_CR : 5.976776525074001e-05

ZHHTo4B_CV_1_0_C2V_1_0_C3_1_0_Zll_rHH_SB_four_btag_TT_CR :  Done :) 

ZHHTo4B_CV_1_0_C2V_1_0_C3_1_0_Zll_rHH_SB_two_btag_Z_mass :  Start Checking... 

Events number: ZHHTo4B_CV_1_0_C2V_1_0_C3_1_0_Zll_rHH_SB_two_btag_Z_mass : 0.013592385408291108

ZHHTo4B_CV_1_0_C2V_1_0_C3_1_0_Zll_rHH_SB_two_btag_Z_mass :  Done :) 

ZHHTo4B_CV_1_0_C2V_1_0_C3_1_0_Zll_rHH_SB_three_btag_Z_mass :  Start Checking... 

Events number: ZHHTo4B_CV_1_0_C2V_1_0_C3_1_0_Zll_rHH_SB_three_btag_Z_mass : 0.011899304087563678

ZHHTo4B_CV_1_0_C2V_1_0_C3_1_0_Zll_rHH_SB_three_btag_Z_mass :  Done :) 

ZHHTo4B_CV_1_0_C2V_1_0_C3_1_0_Zll_rHH_SB_four_btag_Z_mass :  Start Checking... 

Events number: ZHHTo4B_CV_1_0_C2V_1_0_C3_1_0_Zll_rHH_SB_four_btag_Z_mass : 0.0032597245890428894

ZHHTo4B_CV_1_0_C2V_1_0_C3_1_0_Zll_rHH_SB_four_btag_Z_mass :  Done :) 

ZHHTo4B_CV_1_0_C2V_1_0_C3_20_0_Zll_rHH_SR_two_btag_TT_CR :  Start Checking... 

Events number: ZHHTo4B_CV_1_0_C2V_1_0_C3_20_0_Zll_rHH_SR_two_btag_TT_CR : 0.007570556459540967

ZHHTo4B_CV_1_0_C2V_1_0_C3_20_0_Zll_rHH_SR_two_btag_TT_CR :  Done :) 

ZHHTo4B_CV_1_0_C2V_1_0_C3_20_0_Zll_rHH_SR_three_btag_TT_CR :  Start Checking... 

Events number: ZHHTo4B_CV_1_0_C2V_1_0_C3_20_0_Zll_rHH_SR_three_btag_TT_CR : 0.010879273162572645

ZHHTo4B_CV_1_0_C2V_1_0_C3_20_0_Zll_rHH_SR_three_btag_TT_CR :  Done :) 

ZHHTo4B_CV_1_0_C2V_1_0_C3_20_0_Zll_rHH_SR_four_btag_TT_CR :  Start Checking... 

Events number: ZHHTo4B_CV_1_0_C2V_1_0_C3_20_0_Zll_rHH_SR_four_btag_TT_CR : 0.004764978737512138

ZHHTo4B_CV_1_0_C2V_1_0_C3_20_0_Zll_rHH_SR_four_btag_TT_CR :  Done :) 

ZHHTo4B_CV_1_0_C2V_1_0_C3_20_0_Zll_rHH_SR_two_btag_Z_mass :  Start Checking... 

Events number: ZHHTo4B_CV_1_0_C2V_1_0_C3_20_0_Zll_rHH_SR_two_btag_Z_mass : 0.2836845876506686

ZHHTo4B_CV_1_0_C2V_1_0_C3_20_0_Zll_rHH_SR_two_btag_Z_mass :  Done :) 

ZHHTo4B_CV_1_0_C2V_1_0_C3_20_0_Zll_rHH_SR_three_btag_Z_mass :  Start Checking... 

Events number: ZHHTo4B_CV_1_0_C2V_1_0_C3_20_0_Zll_rHH_SR_three_btag_Z_mass : 0.41666724147978584

ZHHTo4B_CV_1_0_C2V_1_0_C3_20_0_Zll_rHH_SR_three_btag_Z_mass :  Done :) 

ZHHTo4B_CV_1_0_C2V_1_0_C3_20_0_Zll_rHH_SR_four_btag_Z_mass :  Start Checking... 

Events number: ZHHTo4B_CV_1_0_C2V_1_0_C3_20_0_Zll_rHH_SR_four_btag_Z_mass : 0.2389255731945923

ZHHTo4B_CV_1_0_C2V_1_0_C3_20_0_Zll_rHH_SR_four_btag_Z_mass :  Done :) 

ZHHTo4B_CV_1_0_C2V_1_0_C3_20_0_Zll_rHH_CR_two_btag_TT_CR :  Start Checking... 

Events number: ZHHTo4B_CV_1_0_C2V_1_0_C3_20_0_Zll_rHH_CR_two_btag_TT_CR : 0.009336155330856855

ZHHTo4B_CV_1_0_C2V_1_0_C3_20_0_Zll_rHH_CR_two_btag_TT_CR :  Done :) 

ZHHTo4B_CV_1_0_C2V_1_0_C3_20_0_Zll_rHH_CR_three_btag_TT_CR :  Start Checking... 

Events number: ZHHTo4B_CV_1_0_C2V_1_0_C3_20_0_Zll_rHH_CR_three_btag_TT_CR : 0.009910318787660799

ZHHTo4B_CV_1_0_C2V_1_0_C3_20_0_Zll_rHH_CR_three_btag_TT_CR :  Done :) 

ZHHTo4B_CV_1_0_C2V_1_0_C3_20_0_Zll_rHH_CR_four_btag_TT_CR :  Start Checking... 

Events number: ZHHTo4B_CV_1_0_C2V_1_0_C3_20_0_Zll_rHH_CR_four_btag_TT_CR : 0.004608349148838897

ZHHTo4B_CV_1_0_C2V_1_0_C3_20_0_Zll_rHH_CR_four_btag_TT_CR :  Done :) 

ZHHTo4B_CV_1_0_C2V_1_0_C3_20_0_Zll_rHH_CR_two_btag_Z_mass :  Start Checking... 

Events number: ZHHTo4B_CV_1_0_C2V_1_0_C3_20_0_Zll_rHH_CR_two_btag_Z_mass : 0.3834522521774488

ZHHTo4B_CV_1_0_C2V_1_0_C3_20_0_Zll_rHH_CR_two_btag_Z_mass :  Done :) 

ZHHTo4B_CV_1_0_C2V_1_0_C3_20_0_Zll_rHH_CR_three_btag_Z_mass :  Start Checking... 

Events number: ZHHTo4B_CV_1_0_C2V_1_0_C3_20_0_Zll_rHH_CR_three_btag_Z_mass : 0.4544732687861597

ZHHTo4B_CV_1_0_C2V_1_0_C3_20_0_Zll_rHH_CR_three_btag_Z_mass :  Done :) 

ZHHTo4B_CV_1_0_C2V_1_0_C3_20_0_Zll_rHH_CR_four_btag_Z_mass :  Start Checking... 

Events number: ZHHTo4B_CV_1_0_C2V_1_0_C3_20_0_Zll_rHH_CR_four_btag_Z_mass : 0.18481761115299378

ZHHTo4B_CV_1_0_C2V_1_0_C3_20_0_Zll_rHH_CR_four_btag_Z_mass :  Done :) 

ZHHTo4B_CV_1_0_C2V_1_0_C3_20_0_Zll_rHH_SB_two_btag_TT_CR :  Start Checking... 

Events number: ZHHTo4B_CV_1_0_C2V_1_0_C3_20_0_Zll_rHH_SB_two_btag_TT_CR : 0.01829838274488793

ZHHTo4B_CV_1_0_C2V_1_0_C3_20_0_Zll_rHH_SB_two_btag_TT_CR :  Done :) 

ZHHTo4B_CV_1_0_C2V_1_0_C3_20_0_Zll_rHH_SB_three_btag_TT_CR :  Start Checking... 

Events number: ZHHTo4B_CV_1_0_C2V_1_0_C3_20_0_Zll_rHH_SB_three_btag_TT_CR : 0.015744600301331957

ZHHTo4B_CV_1_0_C2V_1_0_C3_20_0_Zll_rHH_SB_three_btag_TT_CR :  Done :) 

ZHHTo4B_CV_1_0_C2V_1_0_C3_20_0_Zll_rHH_SB_four_btag_TT_CR :  Start Checking... 

Events number: ZHHTo4B_CV_1_0_C2V_1_0_C3_20_0_Zll_rHH_SB_four_btag_TT_CR : 0.004244964673489449

ZHHTo4B_CV_1_0_C2V_1_0_C3_20_0_Zll_rHH_SB_four_btag_TT_CR :  Done :) 

ZHHTo4B_CV_1_0_C2V_1_0_C3_20_0_Zll_rHH_SB_two_btag_Z_mass :  Start Checking... 

Events number: ZHHTo4B_CV_1_0_C2V_1_0_C3_20_0_Zll_rHH_SB_two_btag_Z_mass : 0.6602901980973002

ZHHTo4B_CV_1_0_C2V_1_0_C3_20_0_Zll_rHH_SB_two_btag_Z_mass :  Done :) 

ZHHTo4B_CV_1_0_C2V_1_0_C3_20_0_Zll_rHH_SB_three_btag_Z_mass :  Start Checking... 

Events number: ZHHTo4B_CV_1_0_C2V_1_0_C3_20_0_Zll_rHH_SB_three_btag_Z_mass : 0.6173018718795902

ZHHTo4B_CV_1_0_C2V_1_0_C3_20_0_Zll_rHH_SB_three_btag_Z_mass :  Done :) 

ZHHTo4B_CV_1_0_C2V_1_0_C3_20_0_Zll_rHH_SB_four_btag_Z_mass :  Start Checking... 

Events number: ZHHTo4B_CV_1_0_C2V_1_0_C3_20_0_Zll_rHH_SB_four_btag_Z_mass : 0.1699338105224797

ZHHTo4B_CV_1_0_C2V_1_0_C3_20_0_Zll_rHH_SB_four_btag_Z_mass :  Done :) 

ZHHTo4B_CV_1_0_C2V_2_0_C3_1_0_Zll_rHH_SR_two_btag_TT_CR :  Start Checking... 

Events number: ZHHTo4B_CV_1_0_C2V_2_0_C3_1_0_Zll_rHH_SR_two_btag_TT_CR : 0.00039507454442855305

ZHHTo4B_CV_1_0_C2V_2_0_C3_1_0_Zll_rHH_SR_two_btag_TT_CR :  Done :) 

ZHHTo4B_CV_1_0_C2V_2_0_C3_1_0_Zll_rHH_SR_three_btag_TT_CR :  Start Checking... 

Events number: ZHHTo4B_CV_1_0_C2V_2_0_C3_1_0_Zll_rHH_SR_three_btag_TT_CR : 0.0008296041195308135

ZHHTo4B_CV_1_0_C2V_2_0_C3_1_0_Zll_rHH_SR_three_btag_TT_CR :  Done :) 

ZHHTo4B_CV_1_0_C2V_2_0_C3_1_0_Zll_rHH_SR_four_btag_TT_CR :  Start Checking... 

Events number: ZHHTo4B_CV_1_0_C2V_2_0_C3_1_0_Zll_rHH_SR_four_btag_TT_CR : 0.0002902346991504601

ZHHTo4B_CV_1_0_C2V_2_0_C3_1_0_Zll_rHH_SR_four_btag_TT_CR :  Done :) 

ZHHTo4B_CV_1_0_C2V_2_0_C3_1_0_Zll_rHH_SR_two_btag_Z_mass :  Start Checking... 

Events number: ZHHTo4B_CV_1_0_C2V_2_0_C3_1_0_Zll_rHH_SR_two_btag_Z_mass : 0.017261466703395456

ZHHTo4B_CV_1_0_C2V_2_0_C3_1_0_Zll_rHH_SR_two_btag_Z_mass :  Done :) 

ZHHTo4B_CV_1_0_C2V_2_0_C3_1_0_Zll_rHH_SR_three_btag_Z_mass :  Start Checking... 

Events number: ZHHTo4B_CV_1_0_C2V_2_0_C3_1_0_Zll_rHH_SR_three_btag_Z_mass : 0.02593503137507014

ZHHTo4B_CV_1_0_C2V_2_0_C3_1_0_Zll_rHH_SR_three_btag_Z_mass :  Done :) 

ZHHTo4B_CV_1_0_C2V_2_0_C3_1_0_Zll_rHH_SR_four_btag_Z_mass :  Start Checking... 

Events number: ZHHTo4B_CV_1_0_C2V_2_0_C3_1_0_Zll_rHH_SR_four_btag_Z_mass : 0.015575536558273484

ZHHTo4B_CV_1_0_C2V_2_0_C3_1_0_Zll_rHH_SR_four_btag_Z_mass :  Done :) 

ZHHTo4B_CV_1_0_C2V_2_0_C3_1_0_Zll_rHH_CR_two_btag_TT_CR :  Start Checking... 

Events number: ZHHTo4B_CV_1_0_C2V_2_0_C3_1_0_Zll_rHH_CR_two_btag_TT_CR : 0.0004920892139921307

ZHHTo4B_CV_1_0_C2V_2_0_C3_1_0_Zll_rHH_CR_two_btag_TT_CR :  Done :) 

ZHHTo4B_CV_1_0_C2V_2_0_C3_1_0_Zll_rHH_CR_three_btag_TT_CR :  Start Checking... 

Events number: ZHHTo4B_CV_1_0_C2V_2_0_C3_1_0_Zll_rHH_CR_three_btag_TT_CR : 0.0005754536580298009

ZHHTo4B_CV_1_0_C2V_2_0_C3_1_0_Zll_rHH_CR_three_btag_TT_CR :  Done :) 

ZHHTo4B_CV_1_0_C2V_2_0_C3_1_0_Zll_rHH_CR_four_btag_TT_CR :  Start Checking... 

Events number: ZHHTo4B_CV_1_0_C2V_2_0_C3_1_0_Zll_rHH_CR_four_btag_TT_CR : 0.000302362023603564

ZHHTo4B_CV_1_0_C2V_2_0_C3_1_0_Zll_rHH_CR_four_btag_TT_CR :  Done :) 

ZHHTo4B_CV_1_0_C2V_2_0_C3_1_0_Zll_rHH_CR_two_btag_Z_mass :  Start Checking... 

Events number: ZHHTo4B_CV_1_0_C2V_2_0_C3_1_0_Zll_rHH_CR_two_btag_Z_mass : 0.02096451243025399

ZHHTo4B_CV_1_0_C2V_2_0_C3_1_0_Zll_rHH_CR_two_btag_Z_mass :  Done :) 

ZHHTo4B_CV_1_0_C2V_2_0_C3_1_0_Zll_rHH_CR_three_btag_Z_mass :  Start Checking... 

Events number: ZHHTo4B_CV_1_0_C2V_2_0_C3_1_0_Zll_rHH_CR_three_btag_Z_mass : 0.025366964215173482

ZHHTo4B_CV_1_0_C2V_2_0_C3_1_0_Zll_rHH_CR_three_btag_Z_mass :  Done :) 

ZHHTo4B_CV_1_0_C2V_2_0_C3_1_0_Zll_rHH_CR_four_btag_Z_mass :  Start Checking... 

Events number: ZHHTo4B_CV_1_0_C2V_2_0_C3_1_0_Zll_rHH_CR_four_btag_Z_mass : 0.011220990154185984

ZHHTo4B_CV_1_0_C2V_2_0_C3_1_0_Zll_rHH_CR_four_btag_Z_mass :  Done :) 

ZHHTo4B_CV_1_0_C2V_2_0_C3_1_0_Zll_rHH_SB_two_btag_TT_CR :  Start Checking... 

Events number: ZHHTo4B_CV_1_0_C2V_2_0_C3_1_0_Zll_rHH_SB_two_btag_TT_CR : 0.0010781767747403137

ZHHTo4B_CV_1_0_C2V_2_0_C3_1_0_Zll_rHH_SB_two_btag_TT_CR :  Done :) 

ZHHTo4B_CV_1_0_C2V_2_0_C3_1_0_Zll_rHH_SB_three_btag_TT_CR :  Start Checking... 

Events number: ZHHTo4B_CV_1_0_C2V_2_0_C3_1_0_Zll_rHH_SB_three_btag_TT_CR : 0.0007730297679700016

ZHHTo4B_CV_1_0_C2V_2_0_C3_1_0_Zll_rHH_SB_three_btag_TT_CR :  Done :) 

ZHHTo4B_CV_1_0_C2V_2_0_C3_1_0_Zll_rHH_SB_four_btag_TT_CR :  Start Checking... 

Events number: ZHHTo4B_CV_1_0_C2V_2_0_C3_1_0_Zll_rHH_SB_four_btag_TT_CR : 0.00019283723872831615

ZHHTo4B_CV_1_0_C2V_2_0_C3_1_0_Zll_rHH_SB_four_btag_TT_CR :  Done :) 

ZHHTo4B_CV_1_0_C2V_2_0_C3_1_0_Zll_rHH_SB_two_btag_Z_mass :  Start Checking... 

Events number: ZHHTo4B_CV_1_0_C2V_2_0_C3_1_0_Zll_rHH_SB_two_btag_Z_mass : 0.03563848063305386

ZHHTo4B_CV_1_0_C2V_2_0_C3_1_0_Zll_rHH_SB_two_btag_Z_mass :  Done :) 

ZHHTo4B_CV_1_0_C2V_2_0_C3_1_0_Zll_rHH_SB_three_btag_Z_mass :  Start Checking... 

Events number: ZHHTo4B_CV_1_0_C2V_2_0_C3_1_0_Zll_rHH_SB_three_btag_Z_mass : 0.032540508979906235

ZHHTo4B_CV_1_0_C2V_2_0_C3_1_0_Zll_rHH_SB_three_btag_Z_mass :  Done :) 

ZHHTo4B_CV_1_0_C2V_2_0_C3_1_0_Zll_rHH_SB_four_btag_Z_mass :  Start Checking... 

Events number: ZHHTo4B_CV_1_0_C2V_2_0_C3_1_0_Zll_rHH_SB_four_btag_Z_mass : 0.008552161626226962

ZHHTo4B_CV_1_0_C2V_2_0_C3_1_0_Zll_rHH_SB_four_btag_Z_mass :  Done :) 

ZHHTo4B_CV_0_5_C2V_1_0_C3_1_0_Zll_rHH_SR_two_btag_TT_CR :  Start Checking... 

Events number: ZHHTo4B_CV_0_5_C2V_1_0_C3_1_0_Zll_rHH_SR_two_btag_TT_CR : 9.784116861055736e-05

ZHHTo4B_CV_0_5_C2V_1_0_C3_1_0_Zll_rHH_SR_two_btag_TT_CR :  Done :) 

ZHHTo4B_CV_0_5_C2V_1_0_C3_1_0_Zll_rHH_SR_three_btag_TT_CR :  Start Checking... 

Events number: ZHHTo4B_CV_0_5_C2V_1_0_C3_1_0_Zll_rHH_SR_three_btag_TT_CR : 0.00013520574414371822

ZHHTo4B_CV_0_5_C2V_1_0_C3_1_0_Zll_rHH_SR_three_btag_TT_CR :  Done :) 

ZHHTo4B_CV_0_5_C2V_1_0_C3_1_0_Zll_rHH_SR_four_btag_TT_CR :  Start Checking... 

Events number: ZHHTo4B_CV_0_5_C2V_1_0_C3_1_0_Zll_rHH_SR_four_btag_TT_CR : 9.430153461664759e-05

ZHHTo4B_CV_0_5_C2V_1_0_C3_1_0_Zll_rHH_SR_four_btag_TT_CR :  Done :) 

ZHHTo4B_CV_0_5_C2V_1_0_C3_1_0_Zll_rHH_SR_two_btag_Z_mass :  Start Checking... 

Events number: ZHHTo4B_CV_0_5_C2V_1_0_C3_1_0_Zll_rHH_SR_two_btag_Z_mass : 0.004459308985872212

ZHHTo4B_CV_0_5_C2V_1_0_C3_1_0_Zll_rHH_SR_two_btag_Z_mass :  Done :) 

ZHHTo4B_CV_0_5_C2V_1_0_C3_1_0_Zll_rHH_SR_three_btag_Z_mass :  Start Checking... 

Events number: ZHHTo4B_CV_0_5_C2V_1_0_C3_1_0_Zll_rHH_SR_three_btag_Z_mass : 0.006727349160620122

ZHHTo4B_CV_0_5_C2V_1_0_C3_1_0_Zll_rHH_SR_three_btag_Z_mass :  Done :) 

ZHHTo4B_CV_0_5_C2V_1_0_C3_1_0_Zll_rHH_SR_four_btag_Z_mass :  Start Checking... 

Events number: ZHHTo4B_CV_0_5_C2V_1_0_C3_1_0_Zll_rHH_SR_four_btag_Z_mass : 0.004050330790629886

ZHHTo4B_CV_0_5_C2V_1_0_C3_1_0_Zll_rHH_SR_four_btag_Z_mass :  Done :) 

ZHHTo4B_CV_0_5_C2V_1_0_C3_1_0_Zll_rHH_CR_two_btag_TT_CR :  Start Checking... 

Events number: ZHHTo4B_CV_0_5_C2V_1_0_C3_1_0_Zll_rHH_CR_two_btag_TT_CR : 0.00013878187559157595

ZHHTo4B_CV_0_5_C2V_1_0_C3_1_0_Zll_rHH_CR_two_btag_TT_CR :  Done :) 

ZHHTo4B_CV_0_5_C2V_1_0_C3_1_0_Zll_rHH_CR_three_btag_TT_CR :  Start Checking... 

Events number: ZHHTo4B_CV_0_5_C2V_1_0_C3_1_0_Zll_rHH_CR_three_btag_TT_CR : 0.00013967010631432686

ZHHTo4B_CV_0_5_C2V_1_0_C3_1_0_Zll_rHH_CR_three_btag_TT_CR :  Done :) 

ZHHTo4B_CV_0_5_C2V_1_0_C3_1_0_Zll_rHH_CR_four_btag_TT_CR :  Start Checking... 

Events number: ZHHTo4B_CV_0_5_C2V_1_0_C3_1_0_Zll_rHH_CR_four_btag_TT_CR : 8.210231064254003e-05

ZHHTo4B_CV_0_5_C2V_1_0_C3_1_0_Zll_rHH_CR_four_btag_TT_CR :  Done :) 

ZHHTo4B_CV_0_5_C2V_1_0_C3_1_0_Zll_rHH_CR_two_btag_Z_mass :  Start Checking... 

Events number: ZHHTo4B_CV_0_5_C2V_1_0_C3_1_0_Zll_rHH_CR_two_btag_Z_mass : 0.005470113913553121

ZHHTo4B_CV_0_5_C2V_1_0_C3_1_0_Zll_rHH_CR_two_btag_Z_mass :  Done :) 

ZHHTo4B_CV_0_5_C2V_1_0_C3_1_0_Zll_rHH_CR_three_btag_Z_mass :  Start Checking... 

Events number: ZHHTo4B_CV_0_5_C2V_1_0_C3_1_0_Zll_rHH_CR_three_btag_Z_mass : 0.006736167788623959

ZHHTo4B_CV_0_5_C2V_1_0_C3_1_0_Zll_rHH_CR_three_btag_Z_mass :  Done :) 

ZHHTo4B_CV_0_5_C2V_1_0_C3_1_0_Zll_rHH_CR_four_btag_Z_mass :  Start Checking... 

Events number: ZHHTo4B_CV_0_5_C2V_1_0_C3_1_0_Zll_rHH_CR_four_btag_Z_mass : 0.002961041329371028

ZHHTo4B_CV_0_5_C2V_1_0_C3_1_0_Zll_rHH_CR_four_btag_Z_mass :  Done :) 

ZHHTo4B_CV_0_5_C2V_1_0_C3_1_0_Zll_rHH_SB_two_btag_TT_CR :  Start Checking... 

Events number: ZHHTo4B_CV_0_5_C2V_1_0_C3_1_0_Zll_rHH_SB_two_btag_TT_CR : 0.0002537510372917495

ZHHTo4B_CV_0_5_C2V_1_0_C3_1_0_Zll_rHH_SB_two_btag_TT_CR :  Done :) 

ZHHTo4B_CV_0_5_C2V_1_0_C3_1_0_Zll_rHH_SB_three_btag_TT_CR :  Start Checking... 

Events number: ZHHTo4B_CV_0_5_C2V_1_0_C3_1_0_Zll_rHH_SB_three_btag_TT_CR : 0.00020911383947463946

ZHHTo4B_CV_0_5_C2V_1_0_C3_1_0_Zll_rHH_SB_three_btag_TT_CR :  Done :) 

ZHHTo4B_CV_0_5_C2V_1_0_C3_1_0_Zll_rHH_SB_four_btag_TT_CR :  Start Checking... 

Events number: ZHHTo4B_CV_0_5_C2V_1_0_C3_1_0_Zll_rHH_SB_four_btag_TT_CR : 5.261861346639307e-05

ZHHTo4B_CV_0_5_C2V_1_0_C3_1_0_Zll_rHH_SB_four_btag_TT_CR :  Done :) 

ZHHTo4B_CV_0_5_C2V_1_0_C3_1_0_Zll_rHH_SB_two_btag_Z_mass :  Start Checking... 

Events number: ZHHTo4B_CV_0_5_C2V_1_0_C3_1_0_Zll_rHH_SB_two_btag_Z_mass : 0.009419733470274139

ZHHTo4B_CV_0_5_C2V_1_0_C3_1_0_Zll_rHH_SB_two_btag_Z_mass :  Done :) 

ZHHTo4B_CV_0_5_C2V_1_0_C3_1_0_Zll_rHH_SB_three_btag_Z_mass :  Start Checking... 

Events number: ZHHTo4B_CV_0_5_C2V_1_0_C3_1_0_Zll_rHH_SB_three_btag_Z_mass : 0.008592835386453501

ZHHTo4B_CV_0_5_C2V_1_0_C3_1_0_Zll_rHH_SB_three_btag_Z_mass :  Done :) 

ZHHTo4B_CV_0_5_C2V_1_0_C3_1_0_Zll_rHH_SB_four_btag_Z_mass :  Start Checking... 

Events number: ZHHTo4B_CV_0_5_C2V_1_0_C3_1_0_Zll_rHH_SB_four_btag_Z_mass : 0.002207535751082901

ZHHTo4B_CV_0_5_C2V_1_0_C3_1_0_Zll_rHH_SB_four_btag_Z_mass :  Done :) 

Other_Zll_rHH_SR_two_btag_TT_CR :  Start Checking... 

Events number: Other_Zll_rHH_SR_two_btag_TT_CR : 171.46990755206207

Other_Zll_rHH_SR_two_btag_TT_CR :  Done :) 

Other_Zll_rHH_SR_three_btag_TT_CR :  Start Checking... 

Events number: Other_Zll_rHH_SR_three_btag_TT_CR : 27.81314378591196

Other_Zll_rHH_SR_three_btag_TT_CR :  Done :) 

Other_Zll_rHH_SR_four_btag_TT_CR :  Start Checking... 

Events number: Other_Zll_rHH_SR_four_btag_TT_CR : 5.417604071539245

Other_Zll_rHH_SR_four_btag_TT_CR :  Done :) 

Other_Zll_rHH_SR_two_btag_Z_mass :  Start Checking... 

Events number: Other_Zll_rHH_SR_two_btag_Z_mass : 86.71823126328127

Other_Zll_rHH_SR_two_btag_Z_mass :  Done :) 

Other_Zll_rHH_SR_three_btag_Z_mass :  Start Checking... 

Events number: Other_Zll_rHH_SR_three_btag_Z_mass : 14.440324745832186

Other_Zll_rHH_SR_three_btag_Z_mass :  Done :) 

Other_Zll_rHH_SR_four_btag_Z_mass :  Start Checking... 

Events number: Other_Zll_rHH_SR_four_btag_Z_mass : 1.9783278190006968

Other_Zll_rHH_SR_four_btag_Z_mass :  Done :) 

Other_Zll_rHH_CR_two_btag_TT_CR :  Start Checking... 

Events number: Other_Zll_rHH_CR_two_btag_TT_CR : 383.71338389553057

Other_Zll_rHH_CR_two_btag_TT_CR :  Done :) 

Other_Zll_rHH_CR_three_btag_TT_CR :  Start Checking... 

Events number: Other_Zll_rHH_CR_three_btag_TT_CR : 52.876373808940116

Other_Zll_rHH_CR_three_btag_TT_CR :  Done :) 

Other_Zll_rHH_CR_four_btag_TT_CR :  Start Checking... 

Events number: Other_Zll_rHH_CR_four_btag_TT_CR : 9.318605922351708

Other_Zll_rHH_CR_four_btag_TT_CR :  Done :) 

Other_Zll_rHH_CR_two_btag_Z_mass :  Start Checking... 

Events number: Other_Zll_rHH_CR_two_btag_Z_mass : 185.44884188859942

Other_Zll_rHH_CR_two_btag_Z_mass :  Done :) 

Other_Zll_rHH_CR_three_btag_Z_mass :  Start Checking... 

Events number: Other_Zll_rHH_CR_three_btag_Z_mass : 26.67760025584721

Other_Zll_rHH_CR_three_btag_Z_mass :  Done :) 

Other_Zll_rHH_CR_four_btag_Z_mass :  Start Checking... 

Events number: Other_Zll_rHH_CR_four_btag_Z_mass : 3.4914281219389522

Other_Zll_rHH_CR_four_btag_Z_mass :  Done :) 

Other_Zll_rHH_SB_two_btag_TT_CR :  Start Checking... 

Events number: Other_Zll_rHH_SB_two_btag_TT_CR : 1298.073626124642

Other_Zll_rHH_SB_two_btag_TT_CR :  Done :) 

Other_Zll_rHH_SB_three_btag_TT_CR :  Start Checking... 

Events number: Other_Zll_rHH_SB_three_btag_TT_CR : 155.9470340955013

Other_Zll_rHH_SB_three_btag_TT_CR :  Done :) 

Other_Zll_rHH_SB_four_btag_TT_CR :  Start Checking... 

Events number: Other_Zll_rHH_SB_four_btag_TT_CR : 24.786224334980943

Other_Zll_rHH_SB_four_btag_TT_CR :  Done :) 

Other_Zll_rHH_SB_two_btag_Z_mass :  Start Checking... 

Events number: Other_Zll_rHH_SB_two_btag_Z_mass : 490.8589037332895

Other_Zll_rHH_SB_two_btag_Z_mass :  Done :) 

Other_Zll_rHH_SB_three_btag_Z_mass :  Start Checking... 

Events number: Other_Zll_rHH_SB_three_btag_Z_mass : 73.31662913111722

Other_Zll_rHH_SB_three_btag_Z_mass :  Done :) 

Other_Zll_rHH_SB_four_btag_Z_mass :  Start Checking... 

Events number: Other_Zll_rHH_SB_four_btag_Z_mass : 7.923649926437065

Other_Zll_rHH_SB_four_btag_Z_mass :  Done :) 

Data_Zll_rHH_SR_two_btag_TT_CR :  Start Checking... 

Events number: Data_Zll_rHH_SR_two_btag_TT_CR : 2762.0

Data_Zll_rHH_SR_two_btag_TT_CR :  Done :) 

Data_Zll_rHH_SR_three_btag_TT_CR :  Start Checking... 

Events number: Data_Zll_rHH_SR_three_btag_TT_CR : 307.0

Data_Zll_rHH_SR_three_btag_TT_CR :  Done :) 

Data_Zll_rHH_SR_four_btag_TT_CR :  Start Checking... 

Events number: Data_Zll_rHH_SR_four_btag_TT_CR : 33.0

Data_Zll_rHH_SR_four_btag_TT_CR :  Done :) 

Data_Zll_rHH_SR_two_btag_Z_mass :  Start Checking... 

Events number: Data_Zll_rHH_SR_two_btag_Z_mass : 1648.0

Data_Zll_rHH_SR_two_btag_Z_mass :  Done :) 

Data_Zll_rHH_SR_three_btag_Z_mass :  Start Checking... 

Events number: Data_Zll_rHH_SR_three_btag_Z_mass : 150.0

Data_Zll_rHH_SR_three_btag_Z_mass :  Done :) 

Data_Zll_rHH_SR_four_btag_Z_mass :  Start Checking... 

Events number: Data_Zll_rHH_SR_four_btag_Z_mass : 20.0

Data_Zll_rHH_SR_four_btag_Z_mass :  Done :) 

Data_Zll_rHH_CR_two_btag_TT_CR :  Start Checking... 

Events number: Data_Zll_rHH_CR_two_btag_TT_CR : 5938.0

Data_Zll_rHH_CR_two_btag_TT_CR :  Done :) 

Data_Zll_rHH_CR_three_btag_TT_CR :  Start Checking... 

Events number: Data_Zll_rHH_CR_three_btag_TT_CR : 690.0

Data_Zll_rHH_CR_three_btag_TT_CR :  Done :) 

Data_Zll_rHH_CR_four_btag_TT_CR :  Start Checking... 

Events number: Data_Zll_rHH_CR_four_btag_TT_CR : 63.0

Data_Zll_rHH_CR_four_btag_TT_CR :  Done :) 

Data_Zll_rHH_CR_two_btag_Z_mass :  Start Checking... 

Events number: Data_Zll_rHH_CR_two_btag_Z_mass : 3749.0

Data_Zll_rHH_CR_two_btag_Z_mass :  Done :) 

Data_Zll_rHH_CR_three_btag_Z_mass :  Start Checking... 

Events number: Data_Zll_rHH_CR_three_btag_Z_mass : 372.0

Data_Zll_rHH_CR_three_btag_Z_mass :  Done :) 

Data_Zll_rHH_CR_four_btag_Z_mass :  Start Checking... 

Events number: Data_Zll_rHH_CR_four_btag_Z_mass : 29.0

Data_Zll_rHH_CR_four_btag_Z_mass :  Done :) 

Data_Zll_rHH_SB_two_btag_TT_CR :  Start Checking... 

Events number: Data_Zll_rHH_SB_two_btag_TT_CR : 19679.0

Data_Zll_rHH_SB_two_btag_TT_CR :  Done :) 

Data_Zll_rHH_SB_three_btag_TT_CR :  Start Checking... 

Events number: Data_Zll_rHH_SB_three_btag_TT_CR : 2236.0

Data_Zll_rHH_SB_three_btag_TT_CR :  Done :) 

Data_Zll_rHH_SB_four_btag_TT_CR :  Start Checking... 

Events number: Data_Zll_rHH_SB_four_btag_TT_CR : 212.0

Data_Zll_rHH_SB_four_btag_TT_CR :  Done :) 

Data_Zll_rHH_SB_two_btag_Z_mass :  Start Checking... 

Events number: Data_Zll_rHH_SB_two_btag_Z_mass : 13890.0

Data_Zll_rHH_SB_two_btag_Z_mass :  Done :) 

Data_Zll_rHH_SB_three_btag_Z_mass :  Start Checking... 

Events number: Data_Zll_rHH_SB_three_btag_Z_mass : 1290.0

Data_Zll_rHH_SB_three_btag_Z_mass :  Done :) 

Data_Zll_rHH_SB_four_btag_Z_mass :  Start Checking... 

Events number: Data_Zll_rHH_SB_four_btag_Z_mass : 118.0

Data_Zll_rHH_SB_four_btag_Z_mass :  Done :) 

